2020-11-30 21:03:28

{"id":"2039086681","topic":"merchant_order"}
Array
(
    [id] => 2039086681
    [topic] => merchant_order
)

2020-11-30 21:03:30

{"id":"12469507983","topic":"payment"}
Array
(
    [id] => 12469507983
    [topic] => payment
)

2020-11-30 21:03:30

{"data_id":"12469507983","type":"payment"}
Array
(
    [data_id] => 12469507983
    [type] => payment
)

2020-11-30 21:03:30

{"id":"12469507983","topic":"payment"}
Array
(
    [id] => 12469507983
    [topic] => payment
)

2020-11-30 21:03:30

{"id":"2039086681","topic":"merchant_order"}
Array
(
    [id] => 2039086681
    [topic] => merchant_order
)

2020-11-30 21:03:34

{"id":"2039086681","topic":"merchant_order"}
Array
(
    [id] => 2039086681
    [topic] => merchant_order
)